<?xml version="1.0" encoding="utf-8" standalone="no"?>
<test-run id="0" runstate="Runnable" testcasecount="1" result="Failed" total="1" passed="0" failed="1" inconclusive="0" skipped="0" asserts="0" engine-version="3.11.1.0" clr-version="4.0.30319.42000" start-time="2020-12-01 11:24:45Z" end-time="2020-12-01 11:24:46Z" duration="0.994859">
  <command-line><![CDATA[packages\NUnit.ConsoleRunner\tools\nunit3-console.exe  TestProject1\bin\Debug\TestProject1.dll]]></command-line>
  <test-suite type="Assembly" id="0-1002" name="TestProject1.dll" fullname="C:\WLCR\github\FSharpCore5PaketRedirectionBug\TestProject1\bin\Debug\TestProject1.dll" runstate="Runnable" testcasecount="1" result="Failed" site="Child" start-time="2020-12-01 11:24:46Z" end-time="2020-12-01 11:24:46Z" duration="0.203561" total="1" passed="0" failed="1" warnings="0" inconclusive="0" skipped="0" asserts="0">
    <environment framework-version="3.12.0.0" clr-version="4.0.30319.42000" os-version="Microsoft Windows NT 10.0.17763.0" platform="Win32NT" cwd="C:\WLCR\github\FSharpCore5PaketRedirectionBug" machine-name="KIRICHENKO-XP" user="kirichenko" user-domain="KL" culture="ru-RU" uiculture="en-US" os-architecture="x64" />
    <settings>
      <setting name="DisposeRunners" value="True" />
      <setting name="WorkDirectory" value="C:\WLCR\github\FSharpCore5PaketRedirectionBug" />
      <setting name="ImageRuntimeVersion" value="4.0.30319" />
      <setting name="ImageTargetFrameworkName" value=".NETFramework,Version=v4.6.2" />
      <setting name="ImageRequiresX86" value="False" />
      <setting name="ImageRequiresDefaultAppDomainAssemblyResolver" value="False" />
      <setting name="RuntimeFramework" value="net-4.0" />
      <setting name="NumberOfTestWorkers" value="8" />
    </settings>
    <properties>
      <property name="_PID" value="23988" />
      <property name="_APPDOMAIN" value="domain-" />
    </properties>
    <failure>
      <message><![CDATA[One or more child tests had errors]]></message>
    </failure>
    <test-suite type="TestSuite" id="0-1003" name="TestProject1" fullname="TestProject1" runstate="Runnable" testcasecount="1" result="Failed" site="Child" start-time="2020-12-01 11:24:46Z" end-time="2020-12-01 11:24:46Z" duration="0.180707" total="1" passed="0" failed="1" warnings="0" inconclusive="0" skipped="0" asserts="0">
      <failure>
        <message><![CDATA[One or more child tests had errors]]></message>
      </failure>
      <test-suite type="TestFixture" id="0-1000" name="Tests" fullname="TestProject1.Tests" classname="TestProject1.Tests" runstate="Runnable" testcasecount="1" result="Failed" site="Child" start-time="2020-12-01 11:24:46Z" end-time="2020-12-01 11:24:46Z" duration="0.176238" total="1" passed="0" failed="1" warnings="0" inconclusive="0" skipped="0" asserts="0">
        <failure>
          <message><![CDATA[One or more child tests had errors]]></message>
        </failure>
        <test-case id="0-1001" name="Test1" fullname="TestProject1.Tests.Test1" methodname="Test1" classname="TestProject1.Tests" runstate="Runnable" seed="620520233" result="Failed" label="Error" start-time="2020-12-01 11:24:46Z" end-time="2020-12-01 11:24:46Z" duration="0.164650" asserts="0">
          <failure>
            <message><![CDATA[System.TypeInitializationException : The type initializer for '<StartupCode$FSharpCore5PaketRedirectionBug>.$Settings' threw an exception.
  ----> System.IO.FileLoadException : Could not load file or assembly 'FSharp.Core, Version=4.4.0.0, Culture=neutral, PublicKeyToken=b03f5f7f11d50a3a' or one of its dependencies. The located assembly's manifest definition does not match the assembly reference. (Exception from HRESULT: 0x80131040)]]></message>
            <stack-trace><![CDATA[   at FSharpCore5PaketRedirectionBug.Settings.get_Default()
   at TestProject1.Tests.Test1() in C:\WLCR\github\FSharpCore5PaketRedirectionBug\TestProject1\Tests.cs:line 13
--FileLoadException
   at FSharp.Configuration.YamlConfigTypeProvider.Root..ctor(Boolean inferTypesFromStrings)
   at FSharpCore5PaketRedirectionBug.SettingsType..ctor()
   at <StartupCode$FSharpCore5PaketRedirectionBug>.$Settings..cctor() in C:\WLCR\github\FSharpCore5PaketRedirectionBug\FSharpCore5PaketRedirectionBug\Settings.fs:line 8]]></stack-trace>
          </failure>
        </test-case>
      </test-suite>
    </test-suite>
  </test-suite>
</test-run>